info	2022-08-13T14:58:55.308668900 	Starting APP
info	2022-08-13T15:08:06.349701200 	Starting APP
info	2022-08-13T15:08:08.331374700 	 Member start to shop 
info	2022-08-13T15:08:40.508430300 	Getting all products
info	2022-08-13T15:09:01.981278400 	Starting APP
info	2022-08-13T15:09:06.499916800 	 Member start to shop 
info	2022-08-13T15:23:55.329414600 	Starting APP
info	2022-08-13T15:23:57.113576 	 Member start to shop 
info	2022-08-13T15:24:44.177672200 	Starting APP
info	2022-08-13T15:24:45.617452600 	 Member start to shop 
info	2022-08-13T15:26:26.346585 	Starting APP
info	2022-08-13T15:26:29.203546100 	 Member start to shop 
info	2022-08-13T15:26:44.013213800 	Starting APP
info	2022-08-13T15:26:45.078058600 	 Member start to shop 
info	2022-08-13T15:27:52.200084100 	Starting APP
info	2022-08-13T15:27:53.381296200 	 Member start to shop 
info	2022-08-13T15:28:05.272237800 	Starting APP
info	2022-08-13T15:28:06.430967100 	 Member start to shop 
info	2022-08-13T15:31:42.179973300 	Starting APP
info	2022-08-13T15:31:47.023094400 	 Member start to shop 
info	2022-08-13T15:32:14.718870100 	Starting APP
info	2022-08-13T15:34:06.140221400 	Starting APP
info	2022-08-13T15:34:53.327162800 	 Member start to shop 
info	2022-08-13T15:35:58.555536500 	 Member start to shop 
info	2022-08-13T15:36:08.552581100 	 Member start to shop 
info	2022-08-13T15:36:15.657682400 	 Member start to shop 
info	2022-08-13T15:36:54.908555900 	 Member start to shop 
info	2022-08-13T15:37:09.030450 	 Member start to shop 
info	2022-08-13T15:37:27.033256 	 Member start to shop 
info	2022-08-13T16:51:43.400351600 	 Member start to shop 
info	2022-08-13T16:53:43.520069100 	 Member start to shop 
info	2022-08-13T16:54:07.045983300 	 Member start to shop 
info	2022-08-13T17:02:55.125568 	 Member start to shop 
info	2022-08-13T17:07:57.769060600 	 Member start to shop 
info	2022-08-13T17:09:04.578963400 	 Member start to shop 
info	2022-08-13T17:14:33.213686100 	 Member start to shop 
info	2022-08-13T17:15:38.494354600 	 Member start to shop 
info	2022-08-13T17:17:22.162036800 	 Member start to shop 
info	2022-08-13T17:18:02.714557300 	 Member start to shop 
info	2022-08-13T17:21:30.386659900 	 Member start to shop 
info	2022-08-13T17:23:24.208263900 	 Member start to shop 
info	2022-08-13T17:25:56.094867200 	 Member start to shop 
info	2022-08-13T17:28:56.982625500 	 Member start to shop 
info	2022-08-13T17:29:24.275916 	 Member start to shop 
info	2022-08-13T17:31:04.838208500 	 Member start to shop 
info	2022-08-13T17:45:48.255509400 	 Member start to shop 
info	2022-08-13T17:47:11.446794500 	 Member start to shop 
info	2022-08-13T17:49:55.295535500 	 Member start to shop 
info	2022-08-13T17:51:18.883764400 	 Member start to shop 
info	2022-08-13T17:51:51.456101500 	 Member start to shop 
info	2022-08-13T17:52:15.940541300 	 Member start to shop 
info	2022-08-13T17:58:06.717211 	 Member start to shop 
info	2022-08-13T17:58:18.032512700 	 Member start to shop 
info	2022-08-13T17:59:48.656591200 	 Member start to shop 
info	2022-08-13T18:00:06.678683 	 Member start to shop 
info	2022-08-13T18:01:16.873389700 	 Member start to shop 
info	2022-08-13T18:01:53.491893600 	 Member start to shop 
info	2022-08-13T18:01:57.472463300 	 Member start to shop 
info	2022-08-13T18:08:49.389468300 	 Member start to shop 
info	2022-08-13T18:09:13.909632300 	 Member start to shop 
info	2022-08-13T18:12:10.058499900 	 Member start to shop 
info	2022-08-13T18:15:29.340356300 	 Member start to shop 
info	2022-08-13T18:17:56.550749 	 Member start to shop 
info	2022-08-13T18:18:22.552835400 	 Member start to shop 
info	2022-08-13T20:23:46.000494900 	 Member start to shop 
info	2022-08-13T20:29:59.668472700 	 Member start to shop 
info	2022-08-13T20:30:31.600914 	 Member start to shop 
info	2022-08-13T20:32:11.721163600 	 Member start to shop 
info	2022-08-13T20:32:54.272150800 	 Member start to shop 
info	2022-08-13T20:37:30.618277200 	 Member start to shop 
info	2022-08-13T20:39:18.395286200 	 Member start to shop 
info	2022-08-13T20:39:59.134159400 	 Member start to shop 
info	2022-08-13T20:42:16.522126700 	 Member start to shop 
info	2022-08-13T20:44:16.198853 	 Member start to shop 
info	2022-08-13T20:46:07.538920 	 Member start to shop 
info	2022-08-13T20:46:28.110936400 	 Member start to shop 
info	2022-08-13T20:48:21.409974800 	 Member start to shop 
info	2022-08-13T20:49:08.410988200 	 Member start to shop 
info	2022-08-13T20:50:03.522898 	 Member start to shop 
info	2022-08-13T20:51:52.761036200 	 Member start to shop 
info	2022-08-13T20:53:26.860494100 	 Member start to shop 
info	2022-08-13T20:55:18.446100 	 Member start to shop 
info	2022-08-13T20:56:49.115974900 	 Member start to shop 
info	2022-08-13T20:57:30.713857800 	 Member start to shop 
info	2022-08-13T21:00:36.520286400 	 Member start to shop 
info	2022-08-13T21:08:26.096483700 	Starting APP
info	2022-08-13T21:09:31.608665400 	Getting all customers
info	2022-08-13T21:14:15.514756100 	Starting APP
info	2022-08-13T21:17:36.169767800 	Starting APP
info	2022-08-13T21:18:17.134560200 	Getting all customers
info	2022-08-13T21:21:16.201943600 	Starting APP
info	2022-08-13T21:21:45.525593100 	Adding a new customer james
info	2022-08-13T21:21:52.211098700 	Getting all customers
info	2022-08-13T21:24:24.351947300 	Starting APP
info	2022-08-13T21:25:07.341075300 	 Member start to shop 
info	2022-08-13T21:25:19.720069700 	 Member start to shop 
info	2022-08-13T21:25:21.674036200 	 Member start to shop 
info	2022-08-13T21:25:26.255786900 	 Member start to shop 
info	2022-08-13T21:25:33.592057600 	 Member start to shop 
info	2022-08-13T21:25:38.493826600 	 Member start to shop 
info	2022-08-13T21:25:43.211751400 	 Member start to shop 
info	2022-08-13T21:26:14.420939100 	Starting APP
info	2022-08-13T21:26:15.679208400 	 Member start to shop 
info	2022-08-13T21:26:20.999444200 	 Member start to shop 
info	2022-08-13T21:26:24.689451600 	 Member start to shop 
info	2022-08-13T21:26:30.022138900 	 Member start to shop 
info	2022-08-13T21:26:32.809778 	 Member start to shop 
info	2022-08-13T21:26:35.280929100 	 Member start to shop 
info	2022-08-13T21:26:53.279704400 	 Member start to shop 
info	2022-08-13T21:27:21.431840200 	 Member start to shop 
info	2022-08-13T21:27:29.090182100 	 Member start to shop 
info	2022-08-13T21:27:36.976331500 	 Member start to shop 
info	2022-08-13T21:30:02.201894700 	Starting APP
info	2022-08-13T21:30:04.558824800 	 Member start to shop 
info	2022-08-13T21:30:06.577061100 	Starting APP
info	2022-08-13T21:32:09.108247600 	Starting APP
info	2022-08-13T21:32:29.900720900 	Starting APP
info	2022-08-13T21:32:40.823169200 	Starting APP
info	2022-08-13T21:32:47.871641900 	Existing App
info	2022-08-13T21:33:31.586530900 	Starting APP
info	2022-08-13T21:33:34.350884600 	Existing App
info	2022-08-13T21:33:56.545286600 	Starting APP
info	2022-08-13T21:42:20.893782200 	Starting APP
info	2022-08-13T21:42:38.080530700 	Getting all customers
info	2022-08-13T21:43:27.920505200 	Starting APP
info	2022-08-13T21:44:28.637096100 	 Member start to shop 
info	2022-08-13T21:45:44.162499500 	Starting APP
info	2022-08-13T21:45:46.279672500 	 Member start to shop 
info	2022-08-13T21:46:48.079014300 	Starting APP
info	2022-08-13T21:46:51.227156600 	 Member start to shop 
