info	2022-08-17T01:22:26.581384 	Starting APP
info	2022-08-17T01:22:31.086863200 	 Member start to shop 
info	2022-08-17T01:22:35.570296500 	 Member start to shop 
info	2022-08-17T01:22:36.379116700 	 Member start to shop 
info	2022-08-17T01:22:43.229503300 	 Member choose the product 
info	2022-08-17T01:24:02.382244700 	Starting APP
info	2022-08-17T01:24:05.380979700 	 Member start to shop 
info	2022-08-17T01:24:08.884706700 	 Member start to shop 
info	2022-08-17T01:24:09.671606400 	 Member start to shop 
info	2022-08-17T01:24:15.552999600 	 Member choose the product 
info	2022-08-17T01:29:21.269559800 	Starting APP
info	2022-08-17T01:29:23.119834600 	 Member start to shop 
info	2022-08-17T01:29:25.820448600 	 Member start to shop 
info	2022-08-17T01:29:26.538153200 	 Member start to shop 
info	2022-08-17T01:29:30.554406100 	 Member choose the product 
info	2022-08-17T01:30:29.779748100 	Starting APP
info	2022-08-17T01:30:31.752852700 	 Member start to shop 
info	2022-08-17T01:30:36.549793500 	 Member start to shop 
info	2022-08-17T01:30:37.547801800 	 Member start to shop 
info	2022-08-17T01:30:40.644083700 	 Member choose the product 
info	2022-08-17T01:33:57.022511 	Starting APP
info	2022-08-17T01:34:06.987466900 	 Member start to shop 
info	2022-08-17T01:35:02.128841200 	Starting APP
info	2022-08-17T01:35:06.996377900 	 Member start to shop 
info	2022-08-17T01:35:12.512845500 	 Member start to shop 
info	2022-08-17T01:35:13.303022700 	 Member start to shop 
info	2022-08-17T01:35:17.288057100 	 Member choose the product 
info	2022-08-17T01:36:53.460397300 	Starting APP
info	2022-08-17T01:36:57.426715700 	 Member start to shop 
info	2022-08-17T01:37:01.282262600 	 Member start to shop 
info	2022-08-17T01:37:02.030691100 	 Member start to shop 
info	2022-08-17T01:37:05.219868600 	 Member choose the product 
info	2022-08-17T01:38:00.162574500 	Starting APP
info	2022-08-17T01:38:02.137276600 	 Member start to shop 
info	2022-08-17T01:38:04.508000200 	 Member start to shop 
info	2022-08-17T01:38:05.284056400 	 Member start to shop 
info	2022-08-17T01:38:10.670315 	 Member choose the product 
info	2022-08-17T01:43:56.625438500 	Starting APP
info	2022-08-17T01:43:58.651656600 	 Member start to shop 
info	2022-08-17T01:44:17.580664200 	Starting APP
info	2022-08-17T01:44:19.629142300 	 Member start to shop 
info	2022-08-17T01:44:21.860312200 	 Member start to shop 
info	2022-08-17T01:44:22.628288400 	 Member start to shop 
info	2022-08-17T01:44:25.214184100 	 Member choose the product 
info	2022-08-17T01:44:53.621915300 	Starting APP
info	2022-08-17T01:49:40.665247300 	Starting APP
info	2022-08-17T01:49:42.307441800 	 Member start to shop 
info	2022-08-17T01:49:47.301776300 	 Member start to shop 
info	2022-08-17T01:49:48.059916200 	 Member start to shop 
info	2022-08-17T01:49:52.978824900 	 Member choose the product 
info	2022-08-17T01:52:22.355032100 	Starting APP
info	2022-08-17T01:53:46.967082500 	Starting APP
info	2022-08-17T01:53:48.161996700 	 Member start to shop 
info	2022-08-17T01:53:50.734585100 	 Member start to shop 
info	2022-08-17T01:53:51.483813100 	 Member start to shop 
info	2022-08-17T01:53:54.739586900 	 Member choose the product 
info	2022-08-17T01:54:55.475064700 	Starting APP
info	2022-08-17T01:54:56.995759100 	 Member start to shop 
info	2022-08-17T01:55:00.205884300 	 Member start to shop 
info	2022-08-17T01:55:01.065241400 	 Member start to shop 
info	2022-08-17T01:55:04.088618700 	 Member choose the product 
info	2022-08-17T01:56:08.596285600 	Starting APP
info	2022-08-17T01:56:11.196219 	 Member start to shop 
info	2022-08-17T01:56:13.825787600 	 Member start to shop 
info	2022-08-17T01:56:14.792627300 	 Member start to shop 
info	2022-08-17T01:56:16.839308100 	 Member choose the product 
info	2022-08-17T02:00:38.090127700 	Starting APP
info	2022-08-17T02:00:39.798714200 	 Member start to shop 
info	2022-08-17T02:00:42.948059400 	 Member start to shop 
info	2022-08-17T02:00:43.705836300 	 Member start to shop 
info	2022-08-17T02:00:46.285853900 	 Member choose the product 
info	2022-08-17T02:02:50.726414300 	Starting APP
info	2022-08-17T02:02:53.803187100 	 Member start to shop 
info	2022-08-17T02:02:57.019995200 	 Member start to shop 
info	2022-08-17T02:02:57.953120100 	 Member start to shop 
info	2022-08-17T02:02:59.915526400 	 Member choose the product 
info	2022-08-17T02:03:31.523009600 	Starting APP
info	2022-08-17T02:03:33.370607800 	 Member start to shop 
info	2022-08-17T02:03:39.188632400 	 Member start to shop 
info	2022-08-17T02:03:40.042873900 	 Member start to shop 
info	2022-08-17T02:03:41.781090700 	 Member choose the product 
info	2022-08-17T02:04:07.022584200 	Starting APP
info	2022-08-17T02:04:11.669211600 	 Member start to shop 
info	2022-08-17T02:04:14.494107500 	 Member start to shop 
info	2022-08-17T02:04:15.259907900 	 Member start to shop 
info	2022-08-17T02:04:17.268134700 	 Member choose the product 
info	2022-08-17T02:05:48.309000800 	Starting APP
info	2022-08-17T02:05:59.764077900 	Starting APP
info	2022-08-17T02:06:01.214756900 	 Member start to shop 
info	2022-08-17T02:06:03.005775600 	 Member start to shop 
info	2022-08-17T02:06:03.859166600 	 Member start to shop 
info	2022-08-17T02:06:06.730453200 	 Member choose the product 
info	2022-08-17T02:09:24.379092800 	Starting APP
info	2022-08-17T02:09:25.938413200 	 Member start to shop 
info	2022-08-17T02:10:31.673788100 	Starting APP
info	2022-08-17T02:10:33.558272200 	 Member start to shop 
info	2022-08-17T02:10:35.196174100 	 Member start to shop 
info	2022-08-17T02:10:35.976970800 	 Member start to shop 
info	2022-08-17T02:10:37.788435400 	 Member choose the product 
info	2022-08-17T02:12:24.229076 	Starting APP
info	2022-08-17T02:12:25.990476500 	 Member start to shop 
info	2022-08-17T02:12:27.481443100 	 Member start to shop 
info	2022-08-17T02:12:28.313941200 	 Member start to shop 
info	2022-08-17T02:12:30.883290300 	 Member choose the product 
info	2022-08-17T02:13:31.171874300 	Starting APP
info	2022-08-17T02:13:34.703673700 	 Member start to shop 
info	2022-08-17T02:13:36.472109400 	 Member start to shop 
info	2022-08-17T02:13:37.245508300 	 Member start to shop 
info	2022-08-17T02:13:41.495878400 	 Member choose the product 
info	2022-08-17T02:14:21.761678 	Starting APP
info	2022-08-17T02:14:22.942644200 	 Member start to shop 
info	2022-08-17T02:14:37.201192500 	Starting APP
info	2022-08-17T02:14:42.197329300 	 Member start to shop 
info	2022-08-17T02:14:44.734744600 	 Member start to shop 
info	2022-08-17T02:14:45.559047600 	 Member start to shop 
info	2022-08-17T02:14:49.380781800 	 Member choose the product 
info	2022-08-17T02:15:49.523455700 	Starting APP
info	2022-08-17T02:15:51.694366800 	 Member start to shop 
info	2022-08-17T02:15:53.931467600 	 Member start to shop 
info	2022-08-17T02:15:54.695433500 	 Member start to shop 
info	2022-08-17T02:15:56.651176900 	 Member choose the product 
info	2022-08-17T02:16:48.067422600 	Starting APP
info	2022-08-17T02:16:51.545157500 	 Member start to shop 
info	2022-08-17T02:16:55.208050100 	 Member start to shop 
info	2022-08-17T02:16:56.149912800 	 Member start to shop 
info	2022-08-17T02:17:04.446512900 	 Member choose the product 
info	2022-08-17T02:18:31.874851900 	Starting APP
info	2022-08-17T02:18:40.399277400 	Starting APP
info	2022-08-17T10:13:27.483425400 	Starting APP
info	2022-08-17T10:13:46.738854400 	Starting APP
info	2022-08-17T10:17:14.529431 	 Member start to shop 
info	2022-08-17T10:17:22.206334900 	 Member start to shop 
info	2022-08-17T10:17:22.730766800 	 Member start to shop 
info	2022-08-17T10:17:24.273348800 	 Member start to shop 
info	2022-08-17T10:17:29.841857200 	 Member choose the product 
info	2022-08-17T10:17:41.539069900 	 Member start to shop 
info	2022-08-17T10:17:49.934439 	 Member start to shop 
info	2022-08-17T10:17:50.467058400 	 Member start to shop 
info	2022-08-17T10:17:55.907581500 	 Member start to shop 
info	2022-08-17T10:17:56.853608100 	 Member start to shop 
info	2022-08-17T10:18:08.865672700 	Starting APP
info	2022-08-17T10:18:11.672394200 	 Member start to shop 
info	2022-08-17T10:18:17.255930 	 Member start to shop 
info	2022-08-17T10:18:18.050605400 	 Member start to shop 
info	2022-08-17T10:18:19.402362100 	 Member start to shop 
info	2022-08-17T10:18:20.734087700 	 Member start to shop 
info	2022-08-17T10:18:26.647160900 	Starting APP
info	2022-08-17T10:18:39.211737900 	 Member start to shop 
info	2022-08-17T10:18:43.631129200 	 Member start to shop 
info	2022-08-17T10:18:44.417984100 	 Member start to shop 
info	2022-08-17T10:18:45.622327100 	 Member start to shop 
info	2022-08-17T10:18:47.856189900 	 Member start to shop 
info	2022-08-17T10:18:52.812642300 	 Member choose the product 
info	2022-08-17T10:20:17.146617500 	Starting APP
info	2022-08-17T10:25:30.933753500 	Starting APP
info	2022-08-17T10:25:30.934785200 	 admin choose the option
info	2022-08-17T10:33:52.402461700 	 admin buliding the new  store
info	2022-08-17T10:34:22.387599500 	 admin create the store
info	2022-08-17T10:34:22.388275500 	 admin choose the option
info	2022-08-17T10:34:49.661934300 	 admin choose the option
info	2022-08-17T10:34:56.170829 	 admin choose the option
info	2022-08-17T10:35:45.105802200 	 admin add the product into  the store
info	2022-08-17T10:35:53.281559800 	 admin add the quantity of the products into the store
info	2022-08-17T10:35:58.422658600 	 admin choose the store to add the products
info	2022-08-17T10:36:01.927279700 	 ask the admin for confirm the inventory
info	2022-08-17T10:36:10.278337400 	 admin create the inventory
info	2022-08-17T10:36:10.279334400 	 admin choose to create the inventory
info	2022-08-17T10:36:10.279951500 	 admin choose the option
info	2022-08-17T10:36:25.766637800 	 admin choose the option
info	2022-08-17T10:37:56.592376 	 admin buliding the new  store
info	2022-08-17T10:38:02.425916 	Starting APP
info	2022-08-17T10:38:12.790565300 	Starting APP
info	2022-08-17T10:38:12.791558200 	 admin choose the option
info	2022-08-17T10:38:33.130916500 	 admin choose the option
info	2022-08-17T10:38:38.868449500 	 admin buliding the new  store
info	2022-08-17T10:38:45.656940400 	Starting APP
info	2022-08-17T10:38:49.948063700 	Starting APP
info	2022-08-17T10:38:49.949577 	 admin choose the option
info	2022-08-17T10:38:55.220395600 	 admin choose the option
info	2022-08-17T10:39:03.464043700 	 admin add the product into  the store
info	2022-08-17T10:39:09.134385300 	 admin add the quantity of the products into the store
info	2022-08-17T10:39:14.078567700 	 admin choose the store to add the products
info	2022-08-17T10:39:18.383504200 	 ask the admin for confirm the inventory
info	2022-08-17T10:39:21.686372300 	 admin create the inventory
info	2022-08-17T10:39:21.687645 	 admin choose to create the inventory
info	2022-08-17T10:39:21.688202300 	 admin choose the option
info	2022-08-17T10:39:40.676433300 	 admin delete the store
info	2022-08-17T10:39:40.677490600 	 admin choose the option
info	2022-08-17T10:42:21.672026 	Starting APP
info	2022-08-17T10:43:45.264024600 	 Member start to shop 
info	2022-08-17T10:43:51.161752100 	 Member start to shop 
info	2022-08-17T10:43:51.523329900 	 Member start to shop 
info	2022-08-17T10:43:52.953389200 	 Member start to shop 
info	2022-08-17T10:44:07.685854500 	 Member choose the product 
info	2022-08-17T10:44:13.342055500 	 Member start to shop 
info	2022-08-17T10:51:53.946748600 	Starting APP
info	2022-08-17T10:51:56.944177300 	Starting APP
info	2022-08-17T10:53:27.029314800 	 Member start to shop 
info	2022-08-17T10:53:39.653013200 	 Member start to shop 
info	2022-08-17T10:53:40.051113600 	 Member start to shop 
info	2022-08-17T10:53:43.862772 	 Member start to shop 
info	2022-08-17T10:53:54.521933200 	 Member choose the product 
info	2022-08-17T10:54:06.829784800 	 Member start to shop 
info	2022-08-17T10:54:20.485897900 	 Member start to shop 
info	2022-08-17T10:54:20.814444800 	 Member start to shop 
info	2022-08-17T10:54:32.761129700 	 Member choose the product 
info	2022-08-17T10:54:41.008596700 	 Member start to shop 
info	2022-08-17T10:54:51.975502400 	Starting APP
info	2022-08-17T10:54:58.077821400 	Starting APP
info	2022-08-17T10:54:58.078751100 	 admin choose the option
info	2022-08-17T10:55:13.734587 	 admin buliding the new  store
info	2022-08-17T10:55:39.943426200 	 admin create the store
info	2022-08-17T10:55:39.944419500 	 admin choose the option
info	2022-08-17T10:55:44.581296100 	 admin choose the option
info	2022-08-17T10:56:22.697227 	 admin choose the option
info	2022-08-17T10:56:26.181465200 	 admin choose the option
info	2022-08-17T10:56:37.269597700 	 admin add the product into  the store
info	2022-08-17T10:56:44.286899400 	 admin add the quantity of the products into the store
info	2022-08-17T10:56:52.613008800 	 admin choose the store to add the products
info	2022-08-17T10:56:56.849705700 	 ask the admin for confirm the inventory
info	2022-08-17T10:57:03.992115900 	 admin create the inventory
info	2022-08-17T10:57:03.993017100 	 admin choose to create the inventory
info	2022-08-17T10:57:03.993017100 	 admin choose the option
info	2022-08-17T10:57:15.746322400 	 admin choose the option
info	2022-08-17T10:57:30.289872700 	 admin delete the store
info	2022-08-17T10:57:30.290898900 	 admin choose the option
